<?xml version="1.0" encoding="UTF-8"?>
<!-- Generated by org.testng.reporters.JUnitReportReporter -->
<testsuite hostname="DESKTOP-4J5DF41" failures="0" tests="3" name="SwagLabs.SwagLabs.ClassThree" time="14.113" errors="0" timestamp="2024-07-03T10:17:05 IST" skipped="0">
  <testcase classname="SwagLabs.SwagLabs.ClassThree" name="regression" time="6.849"/>
  <system-out>
    <![CDATA[ sucessfully navigated to url and eneterd into login page ]]>
  </system-out>
  <testcase classname="SwagLabs.SwagLabs.ClassThree" name="address_page_info" time="3.739"/>
  <system-out>
    <![CDATA[ sucessfully loged in sucessfully and entered into address_page_info()]]>
  </system-out>
  <testcase classname="SwagLabs.SwagLabs.ClassThree" name="validation_thank_you_page" time="3.525"/>
  <system-out>
    <![CDATA[ sucessfully completed address_page_info()and entered into validation_thank_you_page() 
 sucessfully completed validation_thank_you_page() 
  loged out sucessfully and enterd into close_browser()page]]>
  </system-out>
</testsuite> <!-- SwagLabs.SwagLabs.ClassThree -->
